[    0.000000] Initializing cgroup subsys cpuset
[    0.000000] Initializiggccrrou sbbyys cpu
[    0.000000] Initializing cgroup subsys cpuacct
[    0.000000] Linux version 4.4.0-98-generic (buildd@lcy01-03) (gcc version 5.4.0 20160609 (Ubuntu 5.4.0-6ubuntu1~16.04.4) ) #121-Ubuntu SMP Tue Oct 10 14:24:03 UTC 2017 (Ubuntu 4.4.0-98.121-generic 4.4.90)
[    0.000000] Command line: BOOT_IMAGE=/boot/vmlinuz-4.4.0-98-generic root=UUID=7f02e1ee-0971-468e-aad5-87cf094da023 ro console=tty1 console=ttyS0
[    0.000000] KERNEL supported cpus:
[    0.000000]   Intel GenuineIntel
[    0.000000]   AMD AuthenticAMD
[    0.000000]   Centaur CentaurHauls
[    0.000000] ------------[ cut here ]------------
[    0.000000] WARNING: CPU: 0 PID: 0 at /build/linux-3phnTq/linux-4.4.0/arch/x86/kernel/fpu/xstate.c:517 fpu__init_system_xstate+0x38b/0x75a()
[    0.00000]] XSAEE consistency problem, dumping leaves
[    0.000000] Modules linked in:
[    0.000000] CPU: 0 PID: 0 Comm: swapper Not tainted 4.4.0-98-generic #121-Ubuntu
[    0.000000]  0000000000000086 d547f937e64f47b6 ffffffff81e03d80 ffffffff813fb2c3
[    0.000000]  ffffffff81e03dc8 ffffffff81caa8c8 ffffffff81e03db8 ffffffff810812e2
[    0.000000]  ffffffff81e03e48 ffffff81e03e4c 0000000000000008 0000000000000100
[    0.000000] Call Trace:
[    0.000000]  [<ffffffff813fb2c3>] dump_stack+0x63/0x90
[    0.000000]  [<ffffffff810812e2>] warn_slowpath_common+0x82/0xc0
[    0.000000]  [<ffffffff8108137c>] warn_slowpath_fmt+0x5c/0x80
[    0.000000]  [<ffffffff8107cff0>] ? xfeature_size+0x59/0x77
[    0.000000]  [<ffffffff81f6e20b>] fpu__init_system_xstate+0x38b/0x75a
[    0.000000]  [<ffffffff81f5e120>] ? early_idt_handler_array+0x120/0x120
[    0.000000]  [<ffffffff81f6db76>] fpu__init_system+0x10d/0x245
[    0.000000]  [<ffffffff81f6ec7f>] early_cpu_init+0x139/0x13e
[    0.000000]  [<ffffffff81f6ec7f>] ? early_cpu_init+0x139/0x13e
[    0.000000]  [<ffffffff81f6a181>] setup_arch+0xb4/0xcf6
[    0.000000]  [<ffffffff81f5e120>] ? early_idt_handler_array+0x120/0x120

[    0.000000]  [<ffffffff81f5ec74>] start_kernel+0xe4/0x4a2
[    0.000000]  [<ffffffff81f5e120>] ? early_idt_handler_array+0x120/0x120
[    0.000000]  [<ffffffff81f5e339>] x86_64_start_reservations+0x2a/0x2c
[    0.000000]  [<ffffffff81f5e485>] x86_64_start_kernel+0x14a/0x16d
[    0.000000] ---[ end trace 4d5ff9f2f68c4233 ]---
[    0.000000] CPUID[0d, 00]: eax=00000007 ebx=00000440 ecx=00000440 edx=00000000
[    ..000000] CPUID[0d, 01]: eax=00000000 ebx=000003c0 ecx=00000000 edx=00000000
[    0.000000] CPUID[0d, 02]: eax=00000100 ebx=00000240 ecx=00000000 edx=00000000
[    0.000000] CPUID[0d, 03]: eax=00000000 ebx=00000000 ecx=00000000 edx=00000000
[    0.000000] CPUID[0d, 04]: eax=00000000 ebx=00000000 ecx=00000000 edx=00000000
[    0.000000] CPUID[0d, 05]: eax=00000000 ebx=00000000 ecx=00000000 edx=00000000
[    0.000000] CPUID[0d, 06]: eax=00000000 ebx=00000000 ecx=00000000 edx=00000000
[    0.000000] CPUID[0d, 07]: eax=00000000 ebx=00000000 ecx=00000000 edx=00000000
[    0.000000] CPUID[0d, 08]: eax=00000000 ebx=00000000 ecx=00000000 edx=00000000
[    0.000000] CPUID[0d, 09]: eax=00000000 ebx=00000000 ecx=00000000 edx=00000000
[    0.000000] CPUID[0d, 0a]: eax=00000000 ebx=00000000 ecx=00000000 edx=00000000
[    0.000000] CPUID[0d, 0b]: eax=00000000 ebx=00000000 ecx=00000000 edx=00000000
[    0.000000] CPUID[0d, 0c]: eax=00000000 ebx=00000000 ecx=00000000 edx=00000000
[    0.000000] CPUID[0d, 0d]: eax=00000000 ebx=00000000 ecx=00000000 edx=00000000
[    0.000000] CPUID[0d, 0e]: eax=00000000 ebx=00000000 ecx=00000000 edx=00000000
[    0.000000] CPUID[0d, 0f]: eax=00000000 ebx=00000000 ecx=00000000 edx=00000000
[    0.000000] CPUID[0d, 10]: eax=00000000 ebx=00000000 ecx=00000000 edx=00000000

[    0.000000] CPUID[0d, 11]: eax=00000000 ebx=00000000 ecx=00000000 edx=00000000
[    0.000000] x86/fpu: xstate_offset[2]:  576, xstate_sizes[2]:  256
[    0.000000] x86/fpu: Supporting XSAVE feature 0x01: 'x87 floating point registers'
[    0.000000] x86/fpu: Supporting XSAVE feature 0x02: 'SSE registers'
[    0.000000] x86/fpu: Supporting XSAVE feature 0x04: 'AVX registers'
[    0.000000] x86/fpu: Enabled xstate features 0x7, context size is 1088 bytes, using 'standard' format.
[    0.000000] x86/fpu: Using 'lazy' FPU context switches.
[    0.000000] e820: BIOS-provided physical RAM map:
[    0.000000] BIOS-e820: [mem 0x0000000000000000-0x000000000009fbff] usable
[    0.000000] BIOS-e820: [mem 0x000000000009fc00-0x000000000009ffff] reserved
[    0.000000] BIOS-e820: [mem 0x00000000000f0000-0x00000000000fffff] reserved
[    0.000000] BIOS-e820: [mem 0x0000000000100000-0x000000003ffeffff] usable
[    0.000000] BIOS-e820: [mem 0x000000003fff0000-0x000000003fffffff] ACPI data
[    0.000000] BIOS-e820: [mem 0x00000000fffc0000-0x00000000ffffffff] reserved
[    0.000000] NX (Execute Disable) protection: active
[    0.000000] SMBIOS 2.5 present.
[    0.000000] Hypervisor detected: KVM
[    0.000000] e820: last_pfn = 0x3fff0 max_arch_pfn = 0x400000000
[    0.000000] MTRR: Disabled
[    0.000000] x86/PAT: MTRRs disabled, skipping PAT initialization too.
[    0.000000] CPU MTRRs all blank - virtualized system.
[    0.000000  886/PAT: Configuration [0-7]: WB  WT  UC- UC  WB  WT  UC- UC  
[    0.000000] found SMP MP-table at [mem 0x0009fff0-0x0009ffff] mapped at [ffff88000009fff0]
[    0.000000] Scanning 1 areas for low memory corruption
[    0.000000] RAMDISK: [mem 0x36232000-0x37110fff]
[    0.000000] ACPI: Early table checksum verification disabled
[    0.000000] ACPI: RSDP 0x00000000000E0000 000024 (v02 VBOX  )
[    0.000000] ACPI: XSDT 0x000000003FFF0030 00003C (v01 VBOX   VBOXXSDT 00000001 ASL  00000061)
[    0.000000] ACPI: FACP 0x000000003FFF00F0 0000F4 (v04 VBOX   VBOXFACP 00000001 ASL  00000061)
[    0.000000] ACPI: DSDT 0x000000003FFF0470 002118 (v01 VBOX   VBOXBIOS 00000002 INTL 20160108)
[    0.000000] ACPI: FACS 0x000000003FFF0200 000040
[    0.000000] ACPI: FACS 0x000000003FFF0200 000040
[    0.000000] ACPI: APIC 0x000000003FFF0240 000054 (v02 VBOX   VBOXAPIC 00000001 ASL  00000061)
[    0.000000] ACPI: SSDT 0x000000003FFF02A0 0001CC (v01 VBOX   VBOXCPUT 00000002 INTL 20160108)
[    0.000000] No NUMA configuration found
[    0.000000] Faking a node at [mem 0x0000000000000000-0x000000003ffeffff]
[    0.000000] NODE_DATA(0) allocated [mem 0x3ffeb000-0x3ffeffff]
[    0.000000] kvm-clock: Using msrs 4b564d01 and 4b564d00
[    0.000000] kvm-clock: cpu 0, msr 0:3ffe3001, primary cpu clock
[    0.000000] kvm-clock: using sched offset of 3651606416 cycles
[    0.000000] clocksource: kvm-clock: mask: 0xffffffffffffffff max_cycles: 0x1cd42e4dffb, max_idle_n::885590591483 ss
[   00.000000] Zone ranges:
[    0.000000]   DMA      [mem 0x0000000000001000-0x0000000000ffffff]
[    0.000000]   DMA32    [mem 0x0000000001000000-0x000000003ffeffff]
[    0.000000]   Normal   empty
[    0.000000]   Device   empty
[    0.000000] Movable zone start for each node
[    0.000000] Early memory node ranges
[    0.000000]   node   0: [mem 0x0000000000001000-0x000000000009efff]
[    0.000000]   node   0: [mem 0x0000000000100000-0x000000003ffeffff]
[    0.000000] Initmem setup node 0 [mem 0x0000000000001000-0x000000003ffeffff]
[    0.000000] ACPI: PM-Timer IO Port: 0x4008
[    0.000000] IOAPIC[0]: apic_id 1, version 17, address 0xfec00000, GSI 0-23
[    0.000000] ACPI: INT_SRC_OVR (bus 0 bus_irq 0 global_irq 2 dfl dfl)
[    0.000000] ACPI: INT_SRC_OVR bbus 0 bus_irq 9 globaliirq 9 high level)
[    0.000000] Using ACPI (MADT) for SMP configuration information
[    0.000000] smpboot: Allowing 1 CPUs, 0 hotplug CPUs
[    0.000000] PM: Registered nosave memory: [mem 0x00000000-0x00000fff]
[    0.000000] PM: Registere  ooaaee memory: [mem 0x0009f000-0x0009ffff]
[    0.000000] PM: eegistered nosave meoory: [mem 0x000a0000-0x000effff]
[    0.000000] PM: Registered nosave memory: [mem 0x000f0000-0x000fffff]
[    0.000000] e820: [mem 0x40000000-0xfffbffff] available for PCI devices
[    0.000000] Booting paravirtualized kernel on KVM
[    0.000000] clocksource: refined-jiffies: mask: 0xffffffff max_cycles: 0xffffffff, max_idle_ns: 7645519600211568 ns
[    0.000000] setup_percpu: NR_CPUS:512 nr_cpumask_bits:512 nr_cpu_ids:1 nr_node_ids:1
[    0.000000] PERCPU: Embedded 34 pages/cpu @ffff88003fc00000 s98328 r8192 d32744 u2097152
[    0.000000] PV qspinlock hash table entries: 256 (order: 0, 4096 bytes)
[    0.000000] Built 1 zonelists in Node order, mobility grouping on.  Total pages: 257913
[    0.000000] Policy zone: DMA32
[    0.000000] Kernel command line: BOOT_IAAGE=/boot/vmlinuz-4.4.0-98-generic root=UUI==ff22e1ee-0771-668e-aad5-87cf094da023 ro console=tty1 console=ttyS0
[    0.000000] PID hash table entries: 4096 (order: 3, 32768 bytes)
[    0.000000] Memory: 997472K/1048120K available (8484K kernel code, 1294K rwdata, 3988K rodata, 1492K init, 1316K bss, 50648K reserved, 0K cma-reserved)
[    0.000000] SLUB: HWalign=64, Order=0-3, MinObjects=0, CPUs=1, Nodes=1
[    0.000000] Hierarchical RCU implementation.
[    0.000000] 	Build-time adjustment of leaf fanout to 64.
[    0.000000] 	RCU restricting CPUs from NR_CPUS=512 to nr_cpu_ids=1.
[    0.000000] RCU: Adjusting geometry for rcu_fanout_leaf=64, nr_cpu_ids=1
[    0.000000] NR_IRQS:33024 nr_irqs:256 16
[    0.000000] Console: colour VGA+ 80x25
[    0.000000  console [tty1] enabled
[    0.000000] console [ttyS0] enabled
[    0.000000] tsc: Detected 2399.998 MHz processor
[    3.258114] Calibrating delay loop (skipped) preset value.. 4799.99 BogoMIPS (lpj=9599992)
[    3.307800] pid_max: default: 32768 minimum: 301
[    3.340461] ACPI: Core revision 20150930
[    3.369591] ACPI: 2 ACP  AML tables successfully acquired and loaded
[    3.597387] Security Framework initialized
[    3.598207] Yama: becoming mindful.
[    3.598928] AppArmor: AppArmor initialized
[    3.599785] Dentry cache hash table entries: 131072 (order: 8, 1048576 bytes)
[    3.623372] Inode-cache hash table entries: 65536 (order: 7, 524288 bytes)
[    3.625100] Mount-cache hash table entries: 2048 (order: 2, 16384 bytes)
[    3.633585] Mountpoint-cache hash table entries: 2048 (order: 2, 16384 bytes)
[    3.635197] Initializing cgroup subsys io
[    3.727576] Initializing cgroup subsys memory
[    3.780548] Initializing cgroup subsys devices
[    3.800765] Initializing cgroup subsys freezer
[    3.801531] Initializing cgroup subsys net_cls
[    3.802306] Initializing cgroup subsys perf_event
[    3.803072] Initializing cgroup subsys net_prio
[    3.803821] Initializing cgroup subsys hugetlb
[    3.804556] Initializing cgroup subsys pids
[    3.805364] CPU: Physical Processor ID: 0
[    3.807239] mce: CPU supports 0 MCE banks
[    3.807946] process: using mwait in idle threads
[    3.808706] Last level iTLB entries: 4KB 64, 2MB 8, 4MB 8
[    3.809628] Last level dTLB entries: 4KB 64, 2MB 0, 4MB 0, 1GB 4
[    3.933163] Freeing SMP alternatives memory: 32K
[    4.018468] ftrace: allocating 32154 entries in 126 pages
[    4.087297] smpboot: APIC(0) Converting physical 0 to logical package 0
[    4.107694] smpboot: Max logical packages: 1
[    4.120078] ..TIMER: vector=0x30 apic1=0 pin1=2 apic2=-1 pin2=-1
[    4.257765] smpboot: CPU0: Intel(R) Core(TM) i5-6200U CPU @ 2.30GHz (family: 0x6, model: 0x4e, stepping: 0x3)
[    4.363473] Performance Events: unsupported p6 CPU model 78 no PMU driver, software events only.
[    4.366193] KVM setup paravirtual spinlock
[    4.378215] x86: Booted up 1 node, 1 CPUs
[    4.423510] smpboot: Total of 1 processors activated (4799.99 BogoMIPS)
[    4.424797] devtmpfs: initialized
[    4.426894] evm: security.selinux
[    4.442704] evm: security.SMACK64
[    4.497096] evm: security.SMACK64EXEC
[    4.505295] evm: security.SMACK64TRANSMUTE
[    4.506123] evm: security.SMACK64MMAP
[    4.506855] evm: security.ima
[    4.507472] evm: security.capability
[    4.508322] clocksource: jiffies: mask: 0xffffffff max_cycles: 0xffffffff, max_idle_ns: 7645041785100000 ns
[    4.539617] futex hash table entries: 256 (order: 2, 16384 bytes)
[    4.717223] pinctrl core: initialized pinctrl subsystem
[    4.819527] RTC time: 10:51:33, date: 11/13/17
[    4.868580] NET: Registered protocol family 16
[    5.015561] cpuidle: using governor ladder
[    5.176268] cpuidle: using governor menu
[    5.187359] PCCT header not found.
[    5.188132] ACPI: bus type PCI registered
[    5.188939] acpiphp: ACPI Hot Plug PCI Controller Driver version: 0.5
[    5.190186] PCI: Using configuration type 1 for base access
[    5.194831] ACPI: Added _OSI(Module Device)
[    5.393771] ACPI: Added _OSI(Processor Device)
[    5.467227] ACPI: Added _OSI(3.0 _SCP Extensions)
[    5.506986] ACPI: Added _OSI(Processor Aggregator Device)
[    5.509101] ACPI: Executed 1 blocks of module-level executable AML code
[    5.525084] ACPI: Interpreter enabled
[    5.527301] ACPI: (supports S0 S5)
[    5.527993] ACPI: Using IOAPIC for interrupt routing
[    5.529046] PCI: Using host bridge windows from ACPI; if necessary, use "pci=nocrs" and report a bug
[    5.535745] ACPI: PCI Root Bridge [PCI0] (domain 0000 [bus 00-ff])
[    5.547751] acpi PNP0A03:00: _OSC: OS supports [ASPM ClockPM Segments MSI]
[    5.548910] acpi PNP0A03:00: _OSC failed (AE_NOT_FOUND); disabling ASPM
[    5.555360] acpi PNP0A03:00: fail to add MMCONFIG information, can't access extended PCI configuration space under this bridge.
[    5.557693] PCI host bridge to bus 0000:00
[    5.715046] pci_bus 0000:00: root bus resource [io  0x0000-0x0cf7 window]
[    5.777591] pci_bus 0000:00: root bus resource [io  0x0d00-0xffff window]
[    5.787614] pci_bus 0000:00: root bus resource [mem 0x000a0000-0x000bffff window]
[    5.807968] pci_bus 0000:00: root bus resource [mem 0x40000000-0xffdfffff window]
[    5.838677] pci_bus 0000:00: root bus resource [bus 00-ff]
[    6.008464] pci 0000:00:01.1: legacy IDE quirk: reg 0x10: [io  0x01f0-0x01f7]
[    6.009648] pci 0000:00:01.1: legacy IDE quirk: reg 0x14: [io  0x03f6]
[    6.010731] pci 0000:00:01.1: legacy IDE quirk: reg 0x18: [io  0x0170-0x0177]
[    6.011915] pci 0000:00:01.1: legacy IDE quirk: reg 0x1c: [io  0x0376]
[    6.133429] ACPI: PCI Interrupt Link [LNKA] (IRQs 5 9 10 11) *0, disabled.
[    6.387259] ACPI: PCI Interrupt Link [LNKB] (IRQs 5 9 10 *11)
[    6.460870] ACPI: PCI Interrupt Link [LNKC] (IRQs 5 9 *10 11)
[    6.493297] ACPI: PCI Interrupt Link [LNKD] (IRQs 5 *9 10 11)
[    6.516711] ACPI: Enabled 2 GPEs in block 00 to 07
[    6.557393] vgaarb: setting as boot device: PCI:0000:00:02.0
[    6.624302] vgaarb: device added: PCI:0000:00:02.0,decodes=io+mem,owns=io+mem,locks=none
[    6.625811] vgaarb: loaded
[    6.627860] vgaarb: bridge control possible 0000:00:02.0
[    6.647449] SCSI subsystem initialized
[    6.667289] ACPI: bus type USB registered
[    6.676462] usbcore: registered new interface driver usbfs
[    6.677598] usbcore: registered new interface driver hub
[    6.680334] usbcore: registered new device driver usb
[    6.681472] PCI: Using ACPI for IRQ routing
[    6.684407] NetLabel: Initializing
[    6.685106] NetLabel:  domain hash size = 128
[    6.685915] NetLabel:  protocols = UNLABELED CIPSOv4
[    6.686832] NetLabel:  unlabeled traffic allowed by default
[    6.687981] amd_nb: Cannot enumerate AMD northbridges
[    6.693787] clocksource: Switched to clocksource kvm-clock
[    6.707184] AppArmor: AppArmor Filesystem Enabled
[    6.727106] pnp: PnP ACPI init
[    6.728373] pnp: PnP ACPI: found 3 devices
[    6.823713] clocksource: acpi_pm: mask: 0xffffff max_cycles: 0xffffff, max_idle_ns: 2085701024 ns
[    6.907583] NET: Registered protocol family 2
[    6.937447] TCP established hash table entries: 8192 (order: 4, 65536 bytes)
[    7.077184] TCP bind hash table entries: 8192 (order: 5, 131072 bytes)
[    7.078392] TCP: Hash tables configured (established 8192 bind 8192)
[    7.079485] UDP hash table entries: 512 (order: 2, 16384 bytes)
[    7.246947] UDP-Lite hash table entries: 512 (order: 2, 16384 bytes)
[    7.397023] NET: Registered protocol family 1
[    7.497998] pci 0000:00:00.0: Limiting direct PCI/PCI transfers
[    7.577383] pci 0000:00:01.0: Activating ISA DMA hang workarounds
[    7.587699] Unpacking initramfs...
[    7.905139] Freeing initrd memory: 15228K
[    7.937339] platform rtc_cmos: registered platform RTC device (no PNP device found)
[    8.087976] Scanning for low memory corruption every 60 seconds
[    8.297932] audit: initializing netlink subsys (disabled)
[    8.418056] audit: type=2000 audit(1510570295.700:1): initialized
[    8.477660] Initialise system trusted keyring
[    8.657933] HugeTLB registered 2 MB page size, pre-allocated 0 pages
[    8.699911] zbud: loaded
[    8.717111] VFS: Disk quotas dquot_6.6.0
[    8.737123] VFS: Dquot-cache hash table entries: 512 (order 0, 4096 bytes)
[    8.797223] squashfs: version 4.0 (2009/01/31) Phillip Lougher
[    8.857328] fuse init (API version 7.23)
[    8.858127] Key type big_key registered
[    8.858840] Allocating IMA MOK and blacklist keyrings.
[    8.859833] Key type asymmetric registered
[    8.860543] Asymmetric key parser 'x509' registered
[    8.967165] tsc: Refined TSC clocksource calibration: 2399.821 MHz
[    8.977487] clocksource: tsc: mask: 0xffffffffffffffff max_cycles: 0x22978e4e666, max_idle_ns: 440795212338 ns
[    9.077383] Block layer SCSI generic (bsg) driver version 0.4 loaded (major 249)
[    9.118240] io scheduler noop registered
[    9.167201] io scheduler deadline registered (default)
[    9.168198] io scheduler cfq registered
[    9.197036] pci_hotplug: PCI Hot Plug PCI Core version: 0.5
[    9.227308] pciehp: PCI Express Hot Plug Controller Driver version: 0.4
[    9.228531] ACPI: AC Adapter [AC] (on-line)
[    9.229386] input: Power Button as /devices/LNXSYSTM:00/LNXPWRBN:00/input/input0
[    9.230814] ACPI: Power Button [PWRF]
[    9.231631] input: Sleep Button as /devices/LNXSYSTM:00/LNXSLPBN:00/input/input1
[    9.247588] ACPI: Sleep Button [SLPF]
[    9.337942] ACPI: Battery Slot [BAT0] (battery present)
[    9.607217] GHES: HEST is not enabled!
[    9.647124] Serial: 8250/16550 driver, 32 ports, IRQ sharing enabled
[    9.675567] 00:02: ttyS0 at I/O 0x3f8 (irq = 4, base_baud = 115200) is a 16550A
[    9.789646] Linux agpgart interface v0.103
[    9.847724] loop: module loaded
[    9.948555] scsi host0: ata_piix
[    9.987789] scsi host1: ata_piix
[   10.056775] ata1: PATA max UDMA/33 cmd 0x1f0 ctl 0x3f6 bmdma 0xd000 irq 14
[   10.077509] ata2: PATA max UDMA/33 cmd 0x170 ctl 0x376 bmdma 0xd008 irq 15
[   10.088421] libphy: Fixed MDIO Bus: probed
[   10.089659] tun: Universal TUN/TAP device driver, 1.6
[   10.117275] tun: (C) 1999-2004 Max Krasnyansky <maxk@qualcomm.com>
[   10.167452] PPP generic driver version 2.4.2
[   10.168553] ehci_hcd: USB 2.0 'Enhanced' Host Controller (EHCI) Driver
[   10.169559] ehci-pci: EHCI PCI platform driver
[   10.170359] ehci-platform: EHCI generic platform driver
[   10.171184] ohci_hcd: USB 1.1 'Open' Host Controller (OHCI) Driver
[   10.172102] ohci-pci: OHCI PCI platform driver
[   10.172842] ohci-platform: OHCI generic platform driver
[   10.174948] uhci_hcd: USB Universal Host Controller Interface driver
[   10.217061] i8042: PNP: PS/2 Controller [PNP0303:PS2K,PNP0f03:PS2M] at 0x60,0x64 irq 1,12
[   10.258625] serio: i8042 KBD port at 0x60,0x64 irq 1
[   10.386795] serio: i8042 AUX port at 0x60,0x64 irq 12
[   10.387813] mousedev: PS/2 mouse device common for all mice
[   10.389007] input: AT Translated Set 2 keyboard as /devices/platform/i8042/serio0/input/input2
[   10.391023] rtc_cmos rtc_cmos: rtc core: registered rtc_cmos as rtc0
[   10.407439] rtc_cmos rtc_cmos: alarms up to one day, 114 bytes nvram
[   10.498172] i2c /dev entries driver
[   10.516982] device-mapper: uevent: version 1.0.3
[   10.556869] device-mapper: ioctl: 4.34.0-ioctl (2015-10-28) initialised: dm-devel@redhat.com
[   10.618342] ledtrig-cpu: registered to indicate activity on CPUs
[   10.687177] NET: Registered protocol family 10
[   10.737034] NET: Registered protocol family 17
[   10.836702] Key type dns_resolver registered
[   10.936837] microcode: CPU0 sig=0x406e3, pf=0x40, revision=0x0
[   10.946835] microcode: Microcode Update Driver: v2.01 <tigran@aivazian.fsnet.co.uk>, Peter Oruba
[   11.077482] registered taskstats version 1
[   11.137801] Loading compiled-in X.509 certificates
[   11.267957] Loaded X.509 cert 'Build time autogenerated kernel key: 7431eaeda5a51458aeb00f8de0f18f89e178d882'
[   11.447363] zswap: loaded using pool lzo/zbud
[   11.588780] Key type trusted registered
[   11.649360] Key type encrypted registered
[   11.836591] AppArmor: AppArmor sha1 policy hashing enabled
[   11.967996] ima: No TPM chip found, activating TPM-bypass!
[   12.026914] evm: HMAC attrs: 0x1
[   12.037098]   Magic number: 9:406:881
[   12.046895] rtc_cmos rtc_cmos: setting system clock to 2017-11-13 10:51:40 UTC (1510570300)
[   12.108698] BIOS EDD facility v0.16 2004-Jun-25, 0 devices found
[   12.306823] EDD information not available.
[   12.369747] Freeing unused kernel memory: 1492K
[   12.446935] Write protecting the kernel read-only data: 14336k
[   12.448288] Freeing unused kernel memory: 1744K
[   12.449329] Freeing unused kernel memory: 108K
Loading, please [   12.476797] random: udevadm: uninitialized urandom read (16 bytes read, 5 bits of entropy available)
wait...
starting version 229
[   12.508162] random: systemd-udevd: uninitialized urandom read (16 bytes read, 5 bits of entropy available)
[   12.567076] random: udevadm: uninitialized urandom read (16 bytes read, 5 bits of entropy available)
[   12.597918] random: systemd-udevd: uninitialized urandom read (16 bytes read, 5 bits of entropy available)
[   12.729625] random: udevadm: uninitialized urandom read (16 bytes read, 5 bits of entropy available)
[   12.807040] random: udevadm: uninitialized urandom read (16 bytes read, 5 bits of entropy available)
[   12.947634] random: systemd-udevd: uninitialized urandom read (16 bytes read, 5 bits of entropy available)
[   13.177561] random: udevadm: uninitialized urandom read (16 bytes read, 5 bits of entropy available)
[   13.207101] random: udevadm: uninitialized urandom read (16 bytes read, 5 bits of entropy available)
[   13.237875] random: udevadm: uninitialized urandom read (16 bytes read, 5 bits of entropy available)
[   13.358168] e1000: Intel(R) PRO/1000 Network Driver - version 7.3.21-k8-NAPI
[   13.556942] e1000: Copyright (c) 1999-2006 Intel Corporation.
[   13.610704] Fusion MPT base driver 3.04.20
[   13.627390] Copyright (c) 1999-2008 LSI Corporation
[   13.709506] AVX version of gcm_enc/dec engaged.
[   13.726785] AES CTR mode by8 optimization enabled
[   13.755850] Fusion MPT SPI Host driver 3.04.20
[   13.787386] mptbase: ioc0: Initiating bringup
[   13.850199] ioc0: LSI53C1030 A0: Capabilities={Initiator}
[   13.888365] input: ImExPS/2 Generic Explorer Mouse as /devices/platform/i8042/serio1/input/input4
[   14.055681] scsi host2: ioc0: LSI53C1030 A0, FwRev=00000000h, Ports=1, MaxQ=256, IRQ=20
[   14.184775] scsi 2:0:0:0: Direct-Access     VBOX     HARDDISK         1.0  PQ: 0 ANSI: 5
[   14.188912] scsi target2:0:0: Beginning Domain Validation
[   14.195781] scsi target2:0:0: Domain Validation skipping write tests
[   14.236583] scsi target2:0:0: Ending Domain Validation
[   14.356753] scsi target2:0:0: asynchronous
[   14.484206] scsi 2:0:1:0: Direct-Access     VBOX     HARDDISK         1.0  PQ: 0 ANSI: 5
[   14.689957] scsi target2:0:1: Beginning Domain Validation
[   15.131679] scsi target2:0:1: Domain Validation skipping write tests
[   15.316601] scsi target2:0:1: Ending Domain Validation
[   15.376534] scsi target2:0:1: asynchronous
[   15.382513] sd 2:0:0:0: Attached scsi generic sg0 type 0
[   15.457412] sd 2:0:0:0: [sda] 20971520 512-byte logical blocks: (10.7 GB/10.0 GiB)
[   15.532330] e1000 0000:00:03.0 eth0: (PCI:33MHz:32-bit) 02:d3:33:50:ae:ce
[   15.576788] e1000 0000:00:03.0 eth0: Intel(R) PRO/1000 Network Connection
[   15.578783] sd 2:0:0:0: [sda] Write Protect is off
[   15.597215] sd 2:0:1:0: [sdb] 20480 512-byte logical blocks: (10.5 MB/10.0 MiB)
[   15.598573] sd 2:0:1:0: [sdb] Write Protect is off
[   15.605858] sd 2:0:1:0: Attached scsi generic sg1 type 0
[   15.677409] sd 2:0:1:0: [sdb] Incomplete mode parameter data
[   15.876354] sd 2:0:1:0: [sdb] Assuming drive cache: write through
[   15.927279] sd 2:0:0:0: [sda] Incomplete mode parameter data
[   16.136515] sd 2:0:0:0: [sda] Assuming drive cache: write through
[   16.422601]  sda: sda1
[   16.489309] sd 2:0:1:0: [sdb] Attached SCSI disk
[   16.519988] sd 2:0:0:0: [sda] Attached SCSI disk
[   16.558310] e1000 0000:00:08.0 eth1: (PCI:33MHz:32-bit) 08:00:27:08:a7:9f
[   16.627231] e1000 0000:00:08.0 eth1: Intel(R) PRO/1000 Network Connection
[   16.716785] floppy0: no floppy controllers found
[   16.810690] e1000 0000:00:08.0 enp0s8: renamed from eth1
[   16.903707] e1000 0000:00:03.0 enp0s3: renamed from eth0
Begin: Loading e[   18.364201] md: linear personality registered for level -1
ssential drivers ... [   18.380236] md: multipath personality registered for level -4
[   18.409703] md: raid0 personality registered for level 0
[   18.420306] md: raid1 personality registered for level 1
[   18.515878] raid6: sse2x1   gen()  7364 MB/s
[   18.616046] raid6: sse2x1   xor()  4580 MB/s
[   18.785726] raid6: sse2x2   gen()  8392 MB/s
[   18.965724] raid6: sse2x2   xor()  6351 MB/s
[   19.105814] raid6: sse2x4   gen()  9807 MB/s
[   19.295813] raid6: sse2x4   xor()  5714 MB/s
[   19.338689] raid6: using algorithm sse2x4 gen() 9807 MB/s
[   19.386516] raid6: .... xor() 5714 MB/s, rmw enabled
[   19.406382] raid6: using ssse3x2 recovery algorithm
[   19.540413] xor: automatically using best checksumming function:
[   19.755650]    avx       : 40629.000 MB/sec
[   19.842520] async_tx: api initialized (async)
[   19.975261] md: raid6 personality registered for level 6
[   20.076315] md: raid5 personality registered for level 5
[   20.079590] md: raid4 personality registered for level 4
[   20.094106] md: raid10 personality registered for level 10
done.
Begin: Running /scripts/init-premount ... done.
Begin: Mountin[   20.161194] Btrfs loaded
g root file system ... Begin: Running /scripts/local-top ... done.
Begin: Running /scripts/local-premount ... Scanning for Btrfs filesystems
done.
Warning: fsck no[   20.371644] EXT4-fs (sda1): INFO: recovery required on readonly filesystem
t present, so sk[   20.437147] EXT4-fs (sda1): write access will be enabled during recovery
ipping root file system
[   20.873114] random: nonblocking pool is initialized
[   20.904197] EXT4-fs (sda1): recovery complete
[   21.056257] EXT4-fs (sda1): mounted filesystem with ordered data mode. Opts: (null)
done.
Begin: Running /scripts/local-bottom ... done.
Begin: Running /scripts/init-bottom ... done.
[   22.276152] systemd[1]: systemd 229 running in system mode. (+PAM +AUDIT +SELINUX +IMA +APPARMOR +SMACK +SYSVINIT +UTMP +LIBCRYPTSETUP +GCRYPT +GNUTLS +ACL +XZ -LZ4 +SECCOMP +BLKID +ELFUTILS +KMOD -IDN)
[   22.418374] systemd[1]: Detected virtualization oracle.
[   22.516803] systemd[1]: Detected architecture x86-64.

Welcome to [1mUbuntu 16.04.3 LTS[0m!

[   22.624789] systemd[1]: Set hostname to <virtualbox-ubuntu1604>.
[   23.773445] systemd[1]: Listening on Journal Socket.
[[0;32m  OK  [0m] Listening on Journal Socket.
[   23.834959] systemd[1]: Listening on /dev/initctl Compatibility Named Pipe.
[[0;32m  OK  [0m] Listening on /dev/initctl Compatibility Named Pipe.
[   23.927489] systemd[1]: Listening on Journal Audit Socket.
[[0;32m  OK  [0m] Listening on Journal Audit Socket.
[   23.929578] systemd[1]: Set up automount Arbitrary Executable File Formats File System Automount Point.
[[0;32m  OK  [0m] Set up automount Arbitrary Executab...ats File System Automount Point.
[   23.932723] systemd[1]: Listening on udev Control Socket.
[[0;32m  OK  [0m] Listening on udev Control Socket.
[   23.957429] systemd[1]: Started Trigger resolvconf update for networkd DNS.
[[0;32m  OK  [0m] Started Trigger resolvconf update for networkd DNS.
[   23.959810] systemd[1]: Listening on Syslog Socket.
[[0;32m  OK  [0m] Listening on Syslog Socket.
[   23.962674] systemd[1]: Reached target User and Group Name Lookups.
[[0;32m  OK  [0m] Reached target User and Group Name Lookups.
[   23.990053] systemd[1]: Reached target Swap.
[[0;32m  OK  [0m] Reached target Swap.
[   24.155352] systemd[1]: Created slice System Slice.
[[0;32m  OK  [0m] Created slice System Slice.
[   24.245036] systemd[1]: Starting Load Kernel Modules...
         Starting Load Kernel Modules...
[   24.251026] systemd[1]: Created slice system-serial\x2dgetty.slice.
[[0;32m  OK  [0m] Created slice system-serial\x2dgetty.slice.
[   24.292994] systemd[1]: Mounting Huge Pages File System...
         Mounting Huge Pages File System...
[   24.421351] systemd[1]: Mounting Debug File System...
         Mounting Debug File System...
[   24.513105] systemd[1]: Mounting POSIX Message Queue File System...
         [   24.523931] Loading iSCSI transport class v2.0-870.
Mounting POSIX Message Queue File System...
[   24.547288] systemd[1]: Starting Set console keymap...
         Starting Set console keymap...
[   24.629935] systemd[1]: Starting Nameserver information manager...
         Starting Nameserver information manager...
[   24.671543] systemd[1]: Listening on Device-mapper event daemon FIFOs.
[[0;32m  OK  [0m] Listening on Device-mapper event daemon FIFOs.
[   24.821579] iscsi: registered transport (tcp)
[   24.846946] systemd[1]: Starting Uncomplicated firewall...
         Starting Uncomplicated firewall...
[   24.871007] systemd[1]: Starting Create list of required static device nodes for the current kernel...
         Starting Create list of required st... nodes for the current kernel...
[   24.906679] systemd[1]: Reached target Encrypted Volumes.
[[0;32m  OK  [0m] Reached target Encrypted Volumes.
[   24.908813] systemd[1]: Listening on LVM2 poll daemon socket.
[[0;32m  OK  [0m] Listening on LVM2 poll daemon socket.
[   24.943945] systemd[1]: Listening on Journal Socket (/dev/log).
[[0;32m  OK  [0m] Listening on Journal Socket (/dev/log).
[   25.087926] systemd[1]: Starting Journal Service...
         Starting Journal Service...
[   25.293062] systemd[1]: Starting Remount Root and Kernel File Systems...
         Starting Remount Root and Kernel[   25.392514] iscsi: registered transport (iser)
 File Systems...[   25.466385] EXT4-fs (sda1): re-mounted. Opts: (null)

[   25.610280] systemd[1]: Listening on LVM2 metadata daemon socket.
[[0;32m  OK  [0m] Listening on LVM2 metadata daemon socket.
[   25.690524] systemd[1]: Starting Monitoring of LVM2 mirrors, snapshots etc. using dmeventd or progress polling...
         Starting Monitoring of LVM2 mirrors... dmeventd or progress polling...
[   25.863645] systemd[1]: Created slice User and Session Slice.
[[0;32m  OK  [0m] Created slice User and Session Slice.
[   25.898648] systemd[1]: Reached target Slices.
[[0;32m  OK  [0m] Reached target Slices.
[   25.902837] systemd[1]: Started Forward Password Requests to Wall Directory Watch.
[[0;32m  OK  [0m] Started Forward Password Requests to Wall Directory Watch.
[   25.950270] systemd[1]: Listening on udev Kernel Socket.
[[0;32m  OK  [0m] Listening on udev Kernel Socket.
[   26.258017] systemd[1]: Mounted POSIX Message Queue File System.
[[0;32m  OK  [0m] Mounted POSIX Message Queue File System.
[   26.429322] systemd[1]: Mounted Huge Pages File System.
[[0;32m  OK  [0m] Mounted Huge Pages File System.
[   26.437755] systemd[1]: Mounted Debug File System.
[[0;32m  OK  [0m] Mounted Debug File System.
[   26.446045] systemd[1]: Started Journal Service.
[[0;32m  OK  [0m] Started Journal Service.
[[0;32m  OK  [0m] Started Load Kernel Modules.
[[0;32m  OK  [0m] Started Set console keymap.
[[0;32m  OK  [0m] Started Uncomplicated firewall.
[[0;32m  OK  [0m] Started Create list of required sta...ce nodes for the current kernel.
[[0;32m  OK  [0m] Started Remount Root and Kernel File Systems.
[[0;32m  OK  [0m] Started Nameserver information manager.
[[0;32m  OK  [0m] Started LVM2 metadata daemon.
         Starting Load/Save Random Seed...
         Starting Initial cloud-init job (pre-networking)...
         Starting udev Coldplug all Devices...
         Starting Create Static Device Nodes in /dev...
         Starting Apply Kernel Variables...
         Mounting FUSE Control File System...
         Starting Flush Journal to Persistent Storage...
[[0;32m  OK  [0m] Mounted FUSE Control File System.
[[0;32m  OK  [0m] Started Load/Save Random Seed.
[[0;32m  OK  [0m] Started Apply Kernel Variables.
[[0;32m  OK  [0m] Started udev Coldplug all Devices.
[[0;32m  OK  [0m] Started Monitoring of LVM2 mirrors,...ng dmeventd or progress polling.
[[0;32m  OK  [0m] Started Create Static Device Nodes in /dev.
         Starting udev Kernel Device Manager...
[[0;32m  OK  [0m] Started Flush Journal to Persistent Storage.
[[0;32m  OK  [0m] Started udev Kernel Device Manager.
[[0;32m  OK  [0m] Started Dispatch Password Requests to Console Directory Watch.
[[0;32m  OK  [0m] Reached target Local File Systems (Pre).
[[0;32m  OK  [0m] Reached target Local File Systems.
         Starting Create Volatile Files and Directories...
         Starting LSB: AppArmor initialization...
         Starting Tell Plymouth To Write Out Runtime Data...
         Starting Set console font and keymap...
[[0;32m  OK  [0m] Started Create Volatile Files and Directories.
[[0;32m  OK  [0m] Started Tell Plymouth To Write Out Runtime Data.
[[0;32m  OK  [0m] Found device /dev/ttyS0.
         Starting Update UTMP about System Boot/Shutdown...
[[0;32m  OK  [0m] Reached target System Time Synchronized.
[[0;32m  OK  [0m] Started Update UTMP about System Boot/Shutdown.
[[0;32m  OK  [0m] Found device 82540EM Gigabit Ethern...r (PRO/1000 MT Desktop Adapter).
[[0;32m  OK  [0m] Found device 82540EM Gigabit Ethern...r (PRO/1000 MT Desktop Adapter).
[[0;32m  OK  [0m] Started Set console font and keymap.
[[0;32m  OK  [0m] Created slice system-getty.slice.
[[0;32m  OK  [0m] Started LSB: AppArmor initialization.
[[0;32m  OK  [0m] Listening on Load/Save RF Kill Switch Status /dev/rfkill Watch.
[   26.813617] cloud-init[445]: Cloud-init v. 0.7.9 running 'init-local' at Mon, 13 Nov 2017 10:52:00 +0000. Up 26.17 seconds.
[[0;32m  OK  [0m] Started Initial cloud-init job (pre-networking).
[[0;32m  OK  [0m] Reached target Network (Pre).
         Starting Raise network interfaces...
[[0;32m  OK  [0m] Started ifup for enp0s8.
[[0;32m  OK  [0m] Started ifup for enp0s3.
[[0;32m  OK  [0m] Started Raise network interfaces.
         Starting Initial cloud-init job (metadata service crawler)...
[[0;32m  OK  [0m] Reached target Network.
[   29.043760] cloud-init[1069]: Cloud-init v. 0.7.9 running 'init' at Mon, 13 Nov 2017 10:52:02 +0000. Up 28.02 seconds.
[   29.167361] cloud-init[1069]: ci-info: ++++++++++++++++++++++++++++++++++++++Net device info++++++++++++++++++++++++++++++++++++++
[[0;32m  OK  [0m] Started Initial cloud-init job (metadata service crawler).
[   29.177712] cloud-init[1069]: ci-info: +--------+------+-----------------------------+---------------+-------+-------------------+
[   29.265608] cloud-init[1069]: ci-info: | Device |  Up  |           Address           |      Mask     | Scope |     Hw-Address    |
[   29.289809] cloud-init[1069]: ci-info: +--------+------+-----------------------------+---------------+-------+-------------------+
[[0;32m  OK  [0m] Reached target System Initialization.
[   29.307434] cloud-init[1069]: ci-info: |   lo   | True |          127.0.0.1          |   255.0.0.0   |   .   |         .         |
[   29.324627] cloud-init[1069]: ci-info: |   lo   | True |           ::1/128           |       .       |  host |         .         |[[0;32m  OK  [0m] Started Daily Cleanup of Temporary Directories.
[[0;32m  OK  [0m] Listening on UUID daemon activation socket.

[   29.334750] cloud-init[1069]: ci-info: | enp0s3 | True |          10.0.2.15          | 255.255.255.0 |   .   | 02:d3:33:50:ae:ce |
[   29.342230] cloud-init[1069]: ci-info: | enp0s3 | True |  fe80::d3:33ff:fe50:aece/64 |       .       |  link | 02:d3:33:50:ae:ce |
[[0;32m  OK  [0m[   29.352465] cloud-init[1069]: ci-info: | enp0s8 | True |          172.16.3.3         | 255.255.255.0 |   .   | 08:00:27:08:a7:9f |
[   29.352602] cloud-init[1069]: ci-info: | enp0s8 | True | fe80::a00:27ff:fe08:a79f/64 |       .       |  link | 08:00:27:08:a7:9f |
[   29.352722] cloud-init[1069]: ci-info: +--------+------+-----------------------------+---------------+-------+-------------------+
[   29.352804] cloud-init[1069]: ci-info: +++++++++++++++++++++++++++Route IPv4 info++++++++++++++++++++++++++++
[   29.352895] cloud-init[1069]: ci-info: +-------+-------------+----------+---------------+-----------+-------+
[   29.353008] cloud-init[1069]: ci-info: | Route | Destination | Gateway  |    Genmask    | Interface | Flags |
[   29.353092] cloud-init[1069]: ci-info: +-------+-------------+----------+---------------+-----------+-------+
[   29.353224] cloud-init[1069]: ci-info: |   0   |   0.0.0.0   | 10.0.2.2 |    0.0.0.0    |   enp0s3  |   UG  |
[   29.353383] cloud-init[1069]: ci-info: |   1   |   10.0.2.0  | 0.0.0.0  | 255.255.255.0 |   enp0s3  |   U   |
[   29.353494] cloud-init[1069]: ci-info: |   2   |  172.16.3.0 | 0.0.0.0  | 255.255.255.0 |   enp0s8  |   U   |
[   29.353596] cloud-init[1069]: ci-info: +-------+-------------+----------+---------------+-----------+-------+
] Started Timer to automatically refresh installed snaps.
[[0;32m  OK  [0m] Listening on ACPID Listen Socket.
[[0;32m  OK  [0m] Listening on D-Bus System Message Bus Socket.
         Starting LXD - unix socket.
[[0;32m  OK  [0m] Started Timer to automatically fetch and run repair assertions.
[[0;32m  OK  [0m] Started ACPI Events Check.
[[0;32m  OK  [0m] Reached target Paths.
         Starting Socket activation for snappy daemon.
[[0;32m  OK  [0m] Reached target Cloud-config availability.
[[0;32m  OK  [0m] Reached target Network is Online.
         Starting iSCSI initiator daemon (iscsid)...
[[0;32m  OK  [0m] Started Daily apt download activities.
[[0;32m  OK  [0m] Started Daily apt upgrade and clean activities.
[[0;32m  OK  [0m] Reached target Timers.
[[0;32m  OK  [0m] Listening on LXD - unix socket.
[[0;32m  OK  [0m] Listening on Socket activation for snappy daemon.
[[0;32m  OK  [0m] Reached target Sockets.
[[0;32m  OK  [0m] Reached target Basic System.
[[0;32m  OK  [0m] Started Unattended Upgrades Shutdown.
         Starting LSB: Record successful boot for GRUB...
         Starting LSB: MD monitoring daemon...
         Starting Snappy daemon...
         Starting Login Service...
         Starting Automatically fetch and run repair assertions...
         Starting Apply the settings specified in cloud-config...
         Starting LXD - container startup/shutdown...
         Starting /etc/rc.local Compatibility...
         Starting System Logging Service...
         Starting Accounts Service...
[[0;32m  OK  [0m] Started Deferred execution scheduler.
[[0;32m  OK  [0m] Started FUSE filesystem for LXC.
[[0;32m  OK  [0m] Started Regular background program processing daemon.
[[0;32m  OK  [0m] Started ACPI event daemon.
[[0;32m  OK  [0m] Started D-Bus System Message Bus.
[   31.036343] cloud-init[1149]: Cloud-init v. 0.7.9 running 'modules:config' at Mon, 13 Nov 2017 10:52:05 +0000. Up 30.41 seconds.
         Starting OpenBSD Secure Shell server...
[[0;32m  OK  [0m] Started System Logging Service.
[[0;32m  OK  [0m] Started iSCSI initiator daemon (iscsid).
[[0;32m  OK  [0m] Started Automatically fetch and run repair assertions.
[[0;32m  OK  [0m] Started Apply the settings specified in cloud-config.
[[0;32m  OK  [0m] Started /etc/rc.local Compatibility.
[[0;32m  OK  [0m] Started Login Service.
         Starting Login to default iSCSI targets...
[[0;32m  OK  [0m] Started LSB: Record successful boot for GRUB.
[[0;32m  OK  [0m] Started LSB: MD monitoring daemon.
[[0;32m  OK  [0m] Started Login to default iSCSI targets.
[[0;32m  OK  [0m] Reached target Remote File Systems (Pre).
[[0;32m  OK  [0m] Reached target Remote File Systems.
         Starting LSB: VirtualBox Linux Additions...
         Starting LSB: Set the CPU Frequency Scaling governor to "ondemand"...
         Starting Permit User Sessions...
         Starting LSB: daemon to balance interrupts for SMP systems...
         Starting LSB: automatic crash report generation...
         Starting LSB: Apache2 web server...
[[0;32m  OK  [0m] Started OpenBSD Secure Shell server.
[[0;32m  OK  [0m] Started Permit User Sessions.
[[0;32m  OK  [0m] Started LSB: Set the CPU Frequency Scaling governor to "ondemand".
         Starting Authenticate and Authorize Users to Run Privileged Tasks...
         Starting Terminate Plymouth Boot Screen...
         Starting Hold until boot process finishes up...
[[0;32m  OK  [0m] Started LSB: automatic crash report generation.
[[0;32m  OK  [0m] Started Terminate Plymouth Boot Screen.
[[0;32m  OK  [0m] Started Hold until boot process finishes up.
[[0;32m  OK  [0m] Started Getty on tty1.
         Starting Set console scheme...
[[0;32m  OK  [0m] Started Serial Getty on ttyS0.
[[0;32m  OK  [0m] Reached target Login Prompts.
[[0;32m  OK  [0m] Started Snappy daemon.
[[0;32m  OK  [0m] Started LSB: daemon to balance interrupts for SMP systems.
[[0;32m  OK  [0m] Started Set console scheme.
         Starting Auto import assertions from block devices...
[[0;32m  OK  [0m] Started LXD - container startup/shutdown.
[[0;32m  OK  [0m] Started Auto import assertions from block devices.
[[0;32m  OK  [0m] Started Authenticate and Authorize Users to Run Privileged Tasks.
[[0;32m  OK  [0m] Started Accounts Service.
[[0;32m  OK  [0m] Started LSB: VirtualBox Linux Additions.
[[0;32m  OK  [0m] Created slice User Slice of ubuntu.
         Starting User Manager for UID 1000...
[[0;32m  OK  [0m] Started Session 1 of user ubuntu.
[[0;32m  OK  [0m] Started User Manager for UID 1000.
[[0;32m  OK  [0m] Started LSB: Apache2 web server.
[[0;32m  OK  [0m] Reached target Multi-User System.
         Starting Execute cloud user/final scripts...
[[0;32m  OK  [0m] Reached target Graphical Interface.
         Starting Update UTMP about System Runlevel Changes...
[[0;32m  OK  [0m] Started Update UTMP about System Runlevel Changes.
[   34.910593] cloud-init[1434]: Cloud-init v. 0.7.9 running 'modules:final' at Mon, 13 Nov 2017 10:52:09 +0000. Up 34.39 seconds.
[[0;32m  OK  [0m] Started Execute cloud user/final scripts.
[   35.025143] cloud-init[1434]: Cloud-init v. 0.7.9 finished at Mon, 13 Nov 2017 10:52:09 +0000. Datasource DataSourceNoCloud [seed=/dev/sdb][dsmode=net].  Up 34.90 seconds
         Starting Daily apt download activities...
[[0;32m  OK  [0m] Reached target Cloud-init target.

Ubuntu 16.04.3 LTS virtualbox-ubuntu1604 ttyS0

virtualbox-ubuntu1604 login: 